*** Now run 'make gdb'.
***
6828 decimal is 15254 octal!
entering test_backtrace 5
entering test_backtrace 4
entering test_backtrace 3
entering test_backtrace 2
entering test_backtrace 1
entering test_backtrace 0
  ebp  f0110f18  eip  f0110f18  args f0110ef4 f0100d3a f0110f1c f0110f24 00010094
  ebp  f0110f38  eip  f010008b  args 00000000 00000000 00000000 00000000 f0102160
  ebp  f0110f58  eip  f010006d  args 00000000 00000001 f0110f64 00000000 f0102160
  ebp  f0110f78  eip  f010006d  args 00000001 00000002 f0110f84 00000000 f0102160
  ebp  f0110f98  eip  f010006d  args 00000002 00000003 f0110fa4 00000000 f0102160
  ebp  f0110fb8  eip  f010006d  args 00000003 00000004 f0110fc4 00000000 f0102197
  ebp  f0110fd8  eip  f010006d  args 00000004 00000005 f0110fe4 00000000 00000000
  ebp  f0110ff8  eip  f01000f1  args 00000005 00001aac 0000065c 00000000 00000000
  ebp  00000000  eip  f010003e  args 00000003 00001003 00002003 00003003 00004003
leaving test_backtrace 0
leaving test_backtrace 1
leaving test_backtrace 2
leaving test_backtrace 3
leaving test_backtrace 4
leaving test_backtrace 5
Welcome to the JOS kernel monitor!
Type 'help' for a list of commands.
qemu: terminating on signal 15 from pid 28144
